<?xml version="1.0" encoding="UTF-8"?>
<!-- Generated by org.testng.reporters.JUnitReportReporter -->
<testsuite hostname="DESKTOP-7BP63UE" failures="0" tests="1" name="testCases.LoginTestDemo" time="2.257" errors="0" timestamp="2024-08-13T10:38:36 IST" skipped="0">
  <testcase classname="testCases.LoginTestDemo" name="loginTest" time="2.257"/>
</testsuite> <!-- testCases.LoginTestDemo -->
