<?xml version="1.0" encoding="UTF-8"?>
<!-- Generated by org.testng.reporters.JUnitReportReporter -->
<testsuite hostname="DESKTOP-7BP63UE" failures="0" tests="1" name="pageObjectModelDemo.LoginTest" time="25.048" errors="0" timestamp="2024-08-11T23:52:33 IST" skipped="0">
  <testcase classname="pageObjectModelDemo.LoginTest" name="login" time="25.048"/>
</testsuite> <!-- pageObjectModelDemo.LoginTest -->
